<?xml version="1.0" encoding="UTF-8"?>
<!-- Generated by org.testng.reporters.JUnitXMLReporter -->
<testsuite ignored="0" hostname="LAPTOP-S70A7DB2" failures="0" tests="6" name="Assignment" time="12.411" errors="0" timestamp="2023-04-30T11:10:44 IST">
  <testcase classname="Scripts.TestCase" name="TC_1" time="0.15"/>
  <testcase classname="Scripts.TestCase" name="TC_2" time="0.055"/>
  <testcase classname="Scripts.TestCase" name="TC_3" time="0.32"/>
  <testcase classname="Scripts.TestCase" name="TC_4" time="0.18"/>
  <testcase classname="Scripts.TestCase" name="TC_5" time="0.158"/>
  <testcase classname="Scripts.TestCase" name="TC_6" time="0.426"/>
</testsuite> <!-- Assignment -->
